# JRE version: Java(TM) SE Runtime Environment (8.0_05-b13) (build 1.8.0_05-b13)
# Java VM: Java HotSpot(TM) 64-Bit Server VM (25.5-b02 mixed mode linux-amd64 compressed oops)
Heap:
 PSYoungGen      total 61440K, used 2768K [0x0000000782380000, 0x0000000789a00000, 0x00000007c0000000)
  eden space 2048K, 0% used [0x0000000782380000,0x0000000782380000,0x0000000782580000)
  from space 59392K, 4% used [0x0000000782580000,0x0000000782834010,0x0000000785f80000)
  to   space 59392K, 0% used [0x0000000786000000,0x0000000786000000,0x0000000789a00000)
 ParOldGen       total 1055232K, used 1045136K [0x0000000706a00000, 0x0000000747080000, 0x0000000782380000)
  object space 1055232K, 99% used [0x0000000706a00000,0x00000007466a41b8,0x0000000747080000)
 Metaspace       used 17021K, capacity 17178K, committed 17280K, reserved 1064960K
  class space    used 2038K, capacity 2095K, committed 2176K, reserved 1048576K
GC Heap History (10 events):
Event: 42.012 GC heap after
Heap after GC invocations=324 (full 19):
 PSYoungGen      total 24576K, used 23328K [0x0000000782380000, 0x0000000789800000, 0x00000007c0000000)
  eden space 1024K, 0% used [0x0000000782380000,0x0000000782380000,0x0000000782480000)
  from space 23552K, 99% used [0x0000000782480000,0x0000000783b48000,0x0000000783b80000)
  to   space 58880K, 0% used [0x0000000785e80000,0x0000000785e80000,0x0000000789800000)
 ParOldGen       total 1055232K, used 1022096K [0x0000000706a00000, 0x0000000747080000, 0x0000000782380000)
  object space 1055232K, 96% used [0x0000000706a00000,0x00000007450241b8,0x0000000747080000)
 Metaspace       used 17021K, capacity 17178K, committed 17280K, reserved 1064960K
  class space    used 2038K, capacity 2095K, committed 2176K, reserved 1048576K
}
Event: 42.013 GC heap before
{Heap before GC invocations=325 (full 19):
 PSYoungGen      total 24576K, used 24352K [0x0000000782380000, 0x0000000789800000, 0x00000007c0000000)
  eden space 1024K, 100% used [0x0000000782380000,0x0000000782480000,0x0000000782480000)
  from space 23552K, 99% used [0x0000000782480000,0x0000000783b48000,0x0000000783b80000)
  to   space 58880K, 0% used [0x0000000785e80000,0x0000000785e80000,0x0000000789800000)
 ParOldGen       total 1055232K, used 1022096K [0x0000000706a00000, 0x0000000747080000, 0x0000000782380000)
  object space 1055232K, 96% used [0x0000000706a00000,0x00000007450241b8,0x0000000747080000)
 Metaspace       used 17021K, capacity 17178K, committed 17280K, reserved 1064960K
  class space    used 2038K, capacity 2095K, committed 2176K, reserved 1048576K
Event: 42.031 GC heap after
Heap after GC invocations=325 (full 19):
 PSYoungGen      total 60416K, used 13632K [0x0000000782380000, 0x0000000789800000, 0x00000007c0000000)
  eden space 1536K, 0% used [0x0000000782380000,0x0000000782380000,0x0000000782500000)
  from space 58880K, 23% used [0x0000000785e80000,0x0000000786bd0000,0x0000000789800000)
  to   space 58880K, 0% used [0x0000000782500000,0x0000000782500000,0x0000000785e80000)
 ParOldGen       total 1055232K, used 1032824K [0x0000000706a00000, 0x0000000747080000, 0x0000000782380000)
  object space 1055232K, 97% used [0x0000000706a00000,0x0000000745a9e1b8,0x0000000747080000)
 Metaspace       used 17021K, capacity 17178K, committed 17280K, reserved 1064960K
  class space    used 2038K, capacity 2095K, committed 2176K, reserved 1048576K
}
Event: 42.035 GC heap before
{Heap before GC invocations=326 (full 19):
 PSYoungGen      total 60416K, used 15168K [0x0000000782380000, 0x0000000789800000, 0x00000007c0000000)
  eden space 1536K, 100% used [0x0000000782380000,0x0000000782500000,0x0000000782500000)
  from space 58880K, 23% used [0x0000000785e80000,0x0000000786bd0000,0x0000000789800000)
  to   space 58880K, 0% used [0x0000000782500000,0x0000000782500000,0x0000000785e80000)
 ParOldGen       total 1055232K, used 1032824K [0x0000000706a00000, 0x0000000747080000, 0x0000000782380000)
  object space 1055232K, 97% used [0x0000000706a00000,0x0000000745a9e1b8,0x0000000747080000)
 Metaspace       used 17021K, capacity 17178K, committed 17280K, reserved 1064960K
  class space    used 2038K, capacity 2095K, committed 2176K, reserved 1048576K
Event: 42.056 GC heap after
Heap after GC invocations=326 (full 19):
 PSYoungGen      total 60416K, used 8416K [0x0000000782380000, 0x0000000789980000, 0x00000007c0000000)
  eden space 1536K, 0% used [0x0000000782380000,0x0000000782380000,0x0000000782500000)
  from space 58880K, 14% used [0x0000000782500000,0x0000000782d38000,0x0000000785e80000)
  to   space 59392K, 0% used [0x0000000785f80000,0x0000000785f80000,0x0000000789980000)
 ParOldGen       total 1055232K, used 1038888K [0x0000000706a00000, 0x0000000747080000, 0x0000000782380000)
  object space 1055232K, 98% used [0x0000000706a00000,0x000000074608a1b8,0x0000000747080000)
 Metaspace       used 17021K, capacity 17178K, committed 17280K, reserved 1064960K
  class space    used 2038K, capacity 2095K, committed 2176K, reserved 1048576K
}
Event: 42.060 GC heap before
{Heap before GC invocations=327 (full 19):
 PSYoungGen      total 60416K, used 9952K [0x0000000782380000, 0x0000000789980000, 0x00000007c0000000)
  eden space 1536K, 100% used [0x0000000782380000,0x0000000782500000,0x0000000782500000)
  from space 58880K, 14% used [0x0000000782500000,0x0000000782d38000,0x0000000785e80000)
  to   space 59392K, 0% used [0x0000000785f80000,0x0000000785f80000,0x0000000789980000)
 ParOldGen       total 1055232K, used 1038888K [0x0000000706a00000, 0x0000000747080000, 0x0000000782380000)
  object space 1055232K, 98% used [0x0000000706a00000,0x000000074608a1b8,0x0000000747080000)
 Metaspace       used 17021K, capacity 17178K, committed 17280K, reserved 1064960K
  class space    used 2038K, capacity 2095K, committed 2176K, reserved 1048576K
Event: 42.073 GC heap after
Heap after GC invocations=327 (full 19):
 PSYoungGen      total 61440K, used 6784K [0x0000000782380000, 0x0000000789980000, 0x00000007c0000000)
  eden space 2048K, 0% used [0x0000000782380000,0x0000000782380000,0x0000000782580000)
  from space 59392K, 11% used [0x0000000785f80000,0x0000000786620000,0x0000000789980000)
  to   space 59392K, 0% used [0x0000000782580000,0x0000000782580000,0x0000000785f80000)
 ParOldGen       total 1055232K, used 1040784K [0x0000000706a00000, 0x0000000747080000, 0x0000000782380000)
  object space 1055232K, 98% used [0x0000000706a00000,0x00000007462641b8,0x0000000747080000)
 Metaspace       used 17021K, capacity 17178K, committed 17280K, reserved 1064960K
  class space    used 2038K, capacity 2095K, committed 2176K, reserved 1048576K
}
Event: 42.077 GC heap before
{Heap before GC invocations=328 (full 19):
 PSYoungGen      total 61440K, used 8832K [0x0000000782380000, 0x0000000789980000, 0x00000007c0000000)
  eden space 2048K, 100% used [0x0000000782380000,0x0000000782580000,0x0000000782580000)
  from space 59392K, 11% used [0x0000000785f80000,0x0000000786620000,0x0000000789980000)
  to   space 59392K, 0% used [0x0000000782580000,0x0000000782580000,0x0000000785f80000)
 ParOldGen       total 1055232K, used 1040784K [0x0000000706a00000, 0x0000000747080000, 0x0000000782380000)
  object space 1055232K, 98% used [0x0000000706a00000,0x00000007462641b8,0x0000000747080000)
 Metaspace       used 17021K, capacity 17178K, committed 17280K, reserved 1064960K
  class space    used 2038K, capacity 2095K, committed 2176K, reserved 1048576K
Event: 42.104 GC heap after
Heap after GC invocations=328 (full 19):
 PSYoungGen      total 61440K, used 2768K [0x0000000782380000, 0x0000000789a00000, 0x00000007c0000000)
  eden space 2048K, 0% used [0x0000000782380000,0x0000000782380000,0x0000000782580000)
  from space 59392K, 4% used [0x0000000782580000,0x0000000782834010,0x0000000785f80000)
  to   space 59392K, 0% used [0x0000000786000000,0x0000000786000000,0x0000000789a00000)
 ParOldGen       total 1055232K, used 1045136K [0x0000000706a00000, 0x0000000747080000, 0x0000000782380000)
  object space 1055232K, 99% used [0x0000000706a00000,0x00000007466a41b8,0x0000000747080000)
 Metaspace       used 17021K, capacity 17178K, committed 17280K, reserved 1064960K
  class space    used 2038K, capacity 2095K, committed 2176K, reserved 1048576K
}
Event: 42.104 GC heap before
{Heap before GC invocations=329 (full 20):
 PSYoungGen      total 61440K, used 2768K [0x0000000782380000, 0x0000000789a00000, 0x00000007c0000000)
  eden space 2048K, 0% used [0x0000000782380000,0x0000000782380000,0x0000000782580000)
  from space 59392K, 4% used [0x0000000782580000,0x0000000782834010,0x0000000785f80000)
  to   space 59392K, 0% used [0x0000000786000000,0x0000000786000000,0x0000000789a00000)
 ParOldGen       total 1055232K, used 1045136K [0x0000000706a00000, 0x0000000747080000, 0x0000000782380000)
  object space 1055232K, 99% used [0x0000000706a00000,0x00000007466a41b8,0x0000000747080000)
 Metaspace       used 17021K, capacity 17178K, committed 17280K, reserved 1064960K
  class space    used 2038K, capacity 2095K, committed 2176K, reserved 1048576K

